<?xml version="1.0" encoding="UTF-8"?>
<!-- Generated by org.testng.reporters.JUnitXMLReporter -->
<testsuite ignored="0" hostname="DTS" failures="1" tests="1" name="ChromeTest" time="2.866" errors="0" timestamp="2024-03-06T00:13:04 IST">
  <testcase classname="org.par.Crossbrowserchallenge" name="tc1" time="2.808">
    <failure type="org.openqa.selenium.SessionNotCreatedException" message="session not created: This version of ChromeDriver only supports Chrome version 114
Current browser version is 122.0.6261.95 with binary path C:\Program Files\Google\Chrome\Application\chrome.exe
Build info: version: &amp;apos;3.141.59&amp;apos;, revision: &amp;apos;e82be7d358&amp;apos;, time: &amp;apos;2018-11-14T08:17:03&amp;apos;
System info: host: &amp;apos;DTS&amp;apos;, ip: &amp;apos;192.168.0.136&amp;apos;, os.name: &amp;apos;Windows 10&amp;apos;, os.arch: &amp;apos;amd64&amp;apos;, os.version: &amp;apos;10.0&amp;apos;, java.version: &amp;apos;17.0.10&amp;apos;
Driver info: driver.version: ChromeDriver
remote stacktrace: Backtrace:
	GetHandleVerifier [0x007DA813+48355]
	(No symbol) [0x0076C4B1]
	(No symbol) [0x00675358]
	(No symbol) [0x006961AC]
	(No symbol) [0x00691EF3]
	(No symbol) [0x00690579]
	(No symbol) [0x006C0C55]
	(No symbol) [0x006C093C]
	(No symbol) [0x006BA536]
	(No symbol) [0x006982DC]
	(No symbol) [0x006993DD]
	GetHandleVerifier [0x00A3AABD+2539405]
	GetHandleVerifier [0x00A7A78F+2800735]
	GetHandleVerifier [0x00A7456C+2775612]
	GetHandleVerifier [0x008651E0+616112]
	(No symbol) [0x00775F8C]
	(No symbol) [0x00772328]
	(No symbol) [0x0077240B]
	(No symbol) [0x00764FF7]
	BaseThreadInitThunk [0x7729FCC9+25]
	RtlGetAppContainerNamedObjectPath [0x77EB7C5E+286]
	RtlGetAppContainerNamedObjectPath [0x77EB7C2E+238]
">
      <![CDATA[org.openqa.selenium.SessionNotCreatedException: session not created: This version of ChromeDriver only supports Chrome version 114
Current browser version is 122.0.6261.95 with binary path C:\Program Files\Google\Chrome\Application\chrome.exe
Build info: version: '3.141.59', revision: 'e82be7d358', time: '2018-11-14T08:17:03'
System info: host: 'DTS', ip: '192.168.0.136', os.name: 'Windows 10', os.arch: 'amd64', os.version: '10.0', java.version: '17.0.10'
Driver info: driver.version: ChromeDriver
remote stacktrace: Backtrace:
GetHandleVerifier [0x007DA813+48355]
(No symbol) [0x0076C4B1]
(No symbol) [0x00675358]
(No symbol) [0x006961AC]
(No symbol) [0x00691EF3]
(No symbol) [0x00690579]
(No symbol) [0x006C0C55]
(No symbol) [0x006C093C]
(No symbol) [0x006BA536]
(No symbol) [0x006982DC]
(No symbol) [0x006993DD]
GetHandleVerifier [0x00A3AABD+2539405]
GetHandleVerifier [0x00A7A78F+2800735]
GetHandleVerifier [0x00A7456C+2775612]
GetHandleVerifier [0x008651E0+616112]
(No symbol) [0x00775F8C]
(No symbol) [0x00772328]
(No symbol) [0x0077240B]
(No symbol) [0x00764FF7]
BaseThreadInitThunk [0x7729FCC9+25]
RtlGetAppContainerNamedObjectPath [0x77EB7C5E+286]
RtlGetAppContainerNamedObjectPath [0x77EB7C2E+238]

at org.openqa.selenium.remote.W3CHandshakeResponse.lambda$errorHandler$0(W3CHandshakeResponse.java:62)
at org.openqa.selenium.remote.HandshakeResponse.lambda$getResponseFunction$0(HandshakeResponse.java:30)
at org.openqa.selenium.remote.ProtocolHandshake.lambda$createSession$0(ProtocolHandshake.java:126)
at java.base/java.util.stream.ReferencePipeline$3$1.accept(ReferencePipeline.java:197)
at java.base/java.util.Spliterators$ArraySpliterator.tryAdvance(Spliterators.java:1002)
at java.base/java.util.stream.ReferencePipeline.forEachWithCancel(ReferencePipeline.java:129)
at java.base/java.util.stream.AbstractPipeline.copyIntoWithCancel(AbstractPipeline.java:527)
at java.base/java.util.stream.AbstractPipeline.copyInto(AbstractPipeline.java:513)
at java.base/java.util.stream.AbstractPipeline.wrapAndCopyInto(AbstractPipeline.java:499)
at java.base/java.util.stream.FindOps$FindOp.evaluateSequential(FindOps.java:150)
at java.base/java.util.stream.AbstractPipeline.evaluate(AbstractPipeline.java:234)
at java.base/java.util.stream.ReferencePipeline.findFirst(ReferencePipeline.java:647)
at org.openqa.selenium.remote.ProtocolHandshake.createSession(ProtocolHandshake.java:128)
at org.openqa.selenium.remote.ProtocolHandshake.createSession(ProtocolHandshake.java:74)
at org.openqa.selenium.remote.HttpCommandExecutor.execute(HttpCommandExecutor.java:136)
at org.openqa.selenium.remote.service.DriverCommandExecutor.execute(DriverCommandExecutor.java:83)
at org.openqa.selenium.remote.RemoteWebDriver.execute(RemoteWebDriver.java:552)
at org.openqa.selenium.remote.RemoteWebDriver.startSession(RemoteWebDriver.java:213)
at org.openqa.selenium.remote.RemoteWebDriver.<init>(RemoteWebDriver.java:131)
at org.openqa.selenium.chrome.ChromeDriver.<init>(ChromeDriver.java:181)
at org.openqa.selenium.chrome.ChromeDriver.<init>(ChromeDriver.java:168)
at org.openqa.selenium.chrome.ChromeDriver.<init>(ChromeDriver.java:123)
at org.par.Crossbrowserchallenge.tc1(Crossbrowserchallenge.java:22)
at java.base/java.util.ArrayList.forEach(ArrayList.java:1511)
... Removed 32 stack frames]]>
    </failure>
  </testcase> <!-- tc1 -->
</testsuite> <!-- ChromeTest -->
